<?xml version="1.0" encoding="UTF-8"?>
<!-- Generated by org.testng.reporters.JUnitReportReporter -->
<testsuite hostname="DESKTOP-N6F431C" failures="0" tests="1" name="TestCases.ReadExcelTest" time="0.610" errors="0" timestamp="2022-07-08T17:43:36 PKT" skipped="0">
  <testcase classname="TestCases.ReadExcelTest" name="readExcelTest" time="0.610"/>
  <system-out/>
</testsuite> <!-- TestCases.ReadExcelTest -->
