<?xml version="1.0" encoding="UTF-8"?>
<!-- Generated by org.testng.reporters.JUnitReportReporter -->
<testsuite hostname="DESKTOP-N6F431C" failures="0" tests="2" name="TestCases.WriteExcelTest" time="0.873" errors="0" timestamp="2022-07-07T13:15:49 PKT" skipped="0">
  <testcase classname="TestCases.WriteExcelTest" name="writeExcelTest" time="0.798"/>
  <system-out/>
  <testcase classname="TestCases.WriteExcelTest" name="writeExcelTest1" time="0.075"/>
  <system-out/>
</testsuite> <!-- TestCases.WriteExcelTest -->
