<?xml version="1.0" encoding="UTF-8"?>
<!-- Generated by org.testng.reporters.JUnitReportReporter -->
<testsuite hostname="DESKTOP-N6F431C" failures="0" tests="6" name="TestCases.ExcelTestNewlib" time="0.527" errors="0" timestamp="2022-07-08T17:44:26 PKT" skipped="0">
  <testcase classname="TestCases.ExcelTestNewlib" name="TestCase1" time="0.012"/>
  <system-out/>
  <testcase classname="TestCases.ExcelTestNewlib" name="TestCase2" time="0.037"/>
  <system-out/>
  <testcase classname="TestCases.ExcelTestNewlib" name="TestCase3" time="0.002"/>
  <system-out/>
  <testcase classname="TestCases.ExcelTestNewlib" name="TestCase4" time="0.412"/>
  <system-out/>
  <testcase classname="TestCases.ExcelTestNewlib" name="TestCase5" time="0.037"/>
  <system-out/>
  <testcase classname="TestCases.ExcelTestNewlib" name="TestCase6" time="0.027"/>
  <system-out/>
</testsuite> <!-- TestCases.ExcelTestNewlib -->
