<?xml version="1.0" encoding="UTF-8"?>
<!-- Generated by org.testng.reporters.JUnitReportReporter -->
<testsuite hostname="DESKTOP-N6F431C" failures="0" tests="1" name="com.readExcel.ReadExcel" time="1.136" errors="0" timestamp="2022-07-04T23:33:46 PKT" skipped="0">
  <testcase classname="com.readExcel.ReadExcel" name="readExcel" time="1.136"/>
  <system-out/>
</testsuite> <!-- com.readExcel.ReadExcel -->
